[10:29:37] [main/INFO] (FabricLoader/GameProvider) Loading Minecraft 1.18.2 with Fabric Loader 0.13.3
[10:29:37] [main/INFO] (FabricLoader) Loading 50 mods:
	- amscarpet 0.0.1
	- carpet 1.4.67
	- fabric 0.48.0+1.18.2
	- fabric-api-base 0.4.4+d7c144a860
	- fabric-api-lookup-api-v1 1.5.7+d7c144a860
	- fabric-biome-api-v1 8.0.3+801ec85b60
	- fabric-blockrenderlayer-v1 1.1.12+3ac43d9560
	- fabric-command-api-v1 1.1.9+d7c144a860
	- fabric-commands-v0 0.2.8+b4f4f6cd60
	- fabric-containers-v0 0.1.21+d7c144a860
	- fabric-content-registries-v0 3.0.2+d82b939260
	- fabric-crash-report-info-v1 0.1.11+3ac43d9560
	- fabric-data-generation-api-v1 2.0.7+6d3e563660
	- fabric-dimensions-v1 2.1.17+2540745460
	- fabric-entity-events-v1 1.4.8+d7c144a860
	- fabric-events-interaction-v0 0.4.19+d7c144a860
	- fabric-events-lifecycle-v0 0.2.13+d7c144a860
	- fabric-game-rule-api-v1 1.0.13+d7c144a860
	- fabric-gametest-api-v1 1.0.15+2540745460
	- fabric-item-api-v1 1.3.3+691a79b560
	- fabric-item-groups-v0 0.3.10+3ac43d9560
	- fabric-key-binding-api-v1 1.0.12+54e5b2ec60
	- fabric-keybindings-v0 0.2.10+b4f4f6cd60
	- fabric-lifecycle-events-v1 2.0.2+2540745460
	- fabric-loot-tables-v1 1.0.11+d7c144a860
	- fabric-mining-level-api-v1 2.0.4+d1027f7d60
	- fabric-models-v0 0.3.6+d7c144a860
	- fabric-networking-api-v1 1.0.21+d882b91560
	- fabric-networking-v0 0.3.8+b4f4f6cd60
	- fabric-object-builder-api-v1 2.0.3+40c91ec860
	- fabric-particles-v1 0.2.12+526dc1ac60
	- fabric-registry-sync-v0 0.9.8+0d9ab37260
	- fabric-renderer-api-v1 0.4.13+d882b91560
	- fabric-renderer-indigo 0.4.17+d8c7b9ae60
	- fabric-renderer-registries-v1 3.2.11+b4f4f6cd60
	- fabric-rendering-data-attachment-v1 0.3.7+d7c144a860
	- fabric-rendering-fluids-v1 2.0.2+54e5b2ec60
	- fabric-rendering-v0 1.1.13+b4f4f6cd60
	- fabric-rendering-v1 1.10.7+54e5b2ec60
	- fabric-resource-conditions-api-v1 2.0.2+d1027f7d60
	- fabric-resource-loader-v0 0.4.18+2de5574560
	- fabric-screen-api-v1 1.0.10+d882b91560
	- fabric-screen-handler-api-v1 1.1.14+40c91ec860
	- fabric-textures-v0 1.0.12+3ac43d9560
	- fabric-transfer-api-v1 1.5.14+cca23f9360
	- fabric-transitive-access-wideners-v1 1.0.0+40c91ec860
	- fabricloader 0.13.3
	- java 17
	- minecraft 1.18.2
	- modmenu 3.2.3
[10:29:40] [main/INFO] (FabricLoader/Mixin) SpongePowered MIXIN Subsystem Version=0.8.5 Source=file:/C:/Users/22704/.gradle/caches/modules-2/files-2.1/net.fabricmc/sponge-mixin/0.11.2+mixin.0.8.5/f4ae569d559b5e3244b67321945261d83ff7ad8e/sponge-mixin-0.11.2+mixin.0.8.5.jar Service=Knot/Fabric Env=CLIENT
[10:29:40] [main/INFO] (FabricLoader/Mixin) Loaded Fabric development mappings for mixin remapper!
[10:29:40] [main/INFO] (FabricLoader/Mixin) Compatibility level set to JAVA_16
[10:29:40] [main/INFO] (FabricLoader/Mixin) Compatibility level set to JAVA_17
[10:29:44] [main/WARN] (FabricLoader/Mixin) @Inject(@At("INVOKE")) Shift.BY=3 on fabric-lifecycle-events-v1.mixins.json:client.WorldChunkMixin::handler$bbg000$onLoadBlockEntity exceeds the maximum allowed value: 0. Increase the value of maxShiftBy to suppress this warning.
[10:29:47] [Render thread/INFO] (Minecraft) Environment: authHost='https://authserver.mojang.com', accountsHost='https://api.mojang.com', sessionHost='https://sessionserver.mojang.com', servicesHost='https://api.minecraftservices.com', name='PROD'
[10:29:48] [Render thread/ERROR] (Minecraft) Failed to verify authentication
com.mojang.authlib.exceptions.InvalidCredentialsException: Status: 401
	at com.mojang.authlib.exceptions.MinecraftClientHttpException.toAuthenticationException(MinecraftClientHttpException.java:56) ~[authlib-3.3.39.jar:?]
	at com.mojang.authlib.yggdrasil.YggdrasilUserApiService.fetchProperties(YggdrasilUserApiService.java:132) ~[authlib-3.3.39.jar:?]
	at com.mojang.authlib.yggdrasil.YggdrasilUserApiService.<init>(YggdrasilUserApiService.java:44) ~[authlib-3.3.39.jar:?]
	at com.mojang.authlib.yggdrasil.YggdrasilAuthenticationService.createUserApiService(YggdrasilAuthenticationService.java:153) ~[authlib-3.3.39.jar:?]
	at net.minecraft.client.MinecraftClient.createUserApiService(MinecraftClient.java:680) [minecraft-project-@-merged-named.jar:?]
	at net.minecraft.client.MinecraftClient.<init>(MinecraftClient.java:424) [minecraft-project-@-merged-named.jar:?]
	at net.minecraft.client.main.Main.main(Main.java:197) [minecraft-project-@-merged-named.jar:?]
	at jdk.internal.reflect.NativeMethodAccessorImpl.invoke0(Native Method) ~[?:?]
	at jdk.internal.reflect.NativeMethodAccessorImpl.invoke(NativeMethodAccessorImpl.java:77) ~[?:?]
	at jdk.internal.reflect.DelegatingMethodAccessorImpl.invoke(DelegatingMethodAccessorImpl.java:43) ~[?:?]
	at java.lang.reflect.Method.invoke(Method.java:568) ~[?:?]
	at net.fabricmc.loader.impl.game.minecraft.MinecraftGameProvider.launch(MinecraftGameProvider.java:416) [fabric-loader-0.13.3.jar:?]
	at net.fabricmc.loader.impl.launch.knot.Knot.launch(Knot.java:77) [fabric-loader-0.13.3.jar:?]
	at net.fabricmc.loader.impl.launch.knot.KnotClient.main(KnotClient.java:23) [fabric-loader-0.13.3.jar:?]
	at net.fabricmc.devlaunchinjector.Main.main(Main.java:86) [dev-launch-injector-0.2.1+build.8.jar:?]
Caused by: com.mojang.authlib.exceptions.MinecraftClientHttpException: Status: 401
	at com.mojang.authlib.minecraft.client.MinecraftClient.readInputStream(MinecraftClient.java:78) ~[authlib-3.3.39.jar:?]
	at com.mojang.authlib.minecraft.client.MinecraftClient.get(MinecraftClient.java:48) ~[authlib-3.3.39.jar:?]
	at com.mojang.authlib.yggdrasil.YggdrasilUserApiService.fetchProperties(YggdrasilUserApiService.java:113) ~[authlib-3.3.39.jar:?]
	... 13 more
[10:29:48] [Render thread/INFO] (Minecraft) Setting user: Player233
[10:29:50] [Render thread/INFO] (Indigo) [Indigo] Registering Indigo renderer!
[10:29:50] [Render thread/INFO] (Minecraft) Backend library: LWJGL version 3.2.2 build 10
[10:29:56] [Render thread/INFO] (Minecraft) Narrator library for x64 successfully loaded
[10:29:56] [Render thread/INFO] (Minecraft) Reloading ResourceManager: Default, Fabric Mods (Fabric Loot Tables (v1), Carpet Mod, Fabric Key Binding API (v1), Fabric API Base, Fabric Containers (v0), Fabric Events Lifecycle (v0), Fabric Screen API (v1), Fabric Dimensions API (v1), Fabric Resource Conditions API (v1), Fabric Entity Events (v1), Fabric Networking API (v1), Fabric Key Bindings (v0), Mod Menu, Fabric Registry Sync (v0), Fabric Content Registries (v0), Fabric Events Interaction (v0), Fabric Renderer Registries (v1), Fabric Renderer - Indigo, Fabric API Lookup API (v1), Fabric Transfer API (v1), Fabric Resource Loader (v0), Fabric Networking (v0), Fabric Data Generation API (v1), Fabric Game Rule API (v1), Fabric Particles (v1), Fabric Rendering (v1), Fabric Item Groups (v0), Fabric Screen Handler API (v1), Fabric Rendering Fluids (v1), Fabric BlockRenderLayer Registration (v1), Fabric Loader, Fabric Command API (v1), Fabric Rendering (v0), Carpet AMS Addition, Fabric Biome API (v1), Fabric Object Builder API (v1), Fabric Textures (v0), Fabric Renderer API (v1), Fabric Models (v0), Fabric Transitive Access Wideners (v1), Fabric Commands (v0), Fabric Crash Report Info (v1), Fabric Item API (v1), Fabric Rendering Data Attachment (v1), Fabric Lifecycle Events (v1), Fabric API, Fabric Mining Level API (v1), Fabric Game Test API (v1))
[10:29:58] [Realms Notification Availability checker #1/INFO] (Minecraft) Could not authorize you against Realms server: Invalid session id
[10:29:59] [Render thread/INFO] (Minecraft) OpenAL initialized on device OpenAL Soft on 耳机 (Realtek(R) Audio)
[10:29:59] [Render thread/INFO] (Minecraft) Sound engine started
[10:30:00] [Render thread/INFO] (Minecraft) Created: 1024x1024x4 minecraft:textures/atlas/blocks.png-atlas
[10:30:00] [Render thread/INFO] (Minecraft) Created: 256x128x4 minecraft:textures/atlas/signs.png-atlas
[10:30:00] [Render thread/INFO] (Minecraft) Created: 1024x512x4 minecraft:textures/atlas/banner_patterns.png-atlas
[10:30:00] [Render thread/INFO] (Minecraft) Created: 1024x512x4 minecraft:textures/atlas/shield_patterns.png-atlas
[10:30:00] [Render thread/INFO] (Minecraft) Created: 256x256x4 minecraft:textures/atlas/chest.png-atlas
[10:30:00] [Render thread/INFO] (Minecraft) Created: 512x256x4 minecraft:textures/atlas/beds.png-atlas
[10:30:00] [Render thread/INFO] (Minecraft) Created: 512x256x4 minecraft:textures/atlas/shulker_boxes.png-atlas
[10:30:01] [Render thread/INFO] (Minecraft) Created: 256x256x0 minecraft:textures/atlas/particles.png-atlas
[10:30:01] [Render thread/INFO] (Minecraft) Created: 256x256x0 minecraft:textures/atlas/paintings.png-atlas
[10:30:01] [Render thread/INFO] (Minecraft) Created: 256x128x0 minecraft:textures/atlas/mob_effects.png-atlas
[10:30:05] [Render thread/WARN] (Minecraft) Ambiguity between arguments [teleport, location] and [teleport, destination] with inputs: [0.1 -0.5 .9, 0 0 0]
[10:30:05] [Render thread/WARN] (Minecraft) Ambiguity between arguments [teleport, location] and [teleport, targets] with inputs: [0.1 -0.5 .9, 0 0 0]
[10:30:05] [Render thread/WARN] (Minecraft) Ambiguity between arguments [teleport, destination] and [teleport, targets] with inputs: [Player, 0123, @e, dd12be42-52a9-4a91-a8a1-11c01849e498]
[10:30:05] [Render thread/WARN] (Minecraft) Ambiguity between arguments [teleport, targets] and [teleport, destination] with inputs: [Player, 0123, dd12be42-52a9-4a91-a8a1-11c01849e498]
[10:30:05] [Render thread/WARN] (Minecraft) Ambiguity between arguments [teleport, targets, location] and [teleport, targets, destination] with inputs: [0.1 -0.5 .9, 0 0 0]
[10:30:06] [Render thread/INFO] (Minecraft) Loaded 7 recipes
[10:30:06] [Render thread/INFO] (Minecraft) Loaded 1141 advancements
[10:30:06] [Render thread/INFO] (Minecraft) Environment: authHost='https://authserver.mojang.com', accountsHost='https://api.mojang.com', sessionHost='https://sessionserver.mojang.com', servicesHost='https://api.minecraftservices.com', name='PROD'
[10:30:06] [Render thread/INFO] (BiomeModificationImpl) Applied 0 biome modifications to 0 of 61 new biomes in 1.765 ms
[10:30:06] [Server thread/INFO] (Minecraft) Starting integrated minecraft server version 1.18.2
[10:30:06] [Server thread/INFO] (Minecraft) Generating keypair
[10:30:06] [Server thread/INFO] (carpet) [CM]: loaded setting InfinityEanchantedBow as true from carpet.conf
[10:30:06] [Server thread/INFO] (carpet) [CM]: loaded setting language as zh_cn from carpet.conf
[10:30:06] [Server thread/INFO] (Minecraft) Preparing start region for dimension minecraft:overworld
[10:30:07] [Render thread/INFO] (Minecraft) 准备生成区域中：0%
[10:30:07] [Render thread/INFO] (Minecraft) 准备生成区域中：0%
[10:30:07] [Render thread/INFO] (Minecraft) 准备生成区域中：3%
[10:30:08] [Render thread/INFO] (Minecraft) 准备生成区域中：84%
[10:30:08] [Render thread/INFO] (Minecraft) Time elapsed: 1812 ms
[10:30:08] [Server thread/INFO] (Minecraft) Changing view distance to 5, from 10
[10:30:08] [Server thread/INFO] (Minecraft) Changing simulation distance to 5, from 0
[10:30:09] [Server thread/INFO] (Minecraft) Player233[local:E:ab280bc7] logged in with entity id 1 at (-13.96765753598995, 56.0, 18.472065748839196)
[10:30:09] [Server thread/INFO] (Minecraft) Player233加入了游戏
[10:30:09] [Render thread/INFO] (Minecraft) Loaded 3 advancements
[10:30:18] [Server thread/INFO] (Minecraft) [Player233: 目前启用的 Carpet Mod 选项:]
[10:30:18] [Server thread/INFO] (Minecraft) [Player233: - InfinityEanchantedBow [true] [false]]
[10:30:18] [Server thread/INFO] (Minecraft) [Player233: - 语言 (language) [none] [zh_cn] [zh_tw]]
[10:30:18] [Server thread/INFO] (Minecraft) [Player233: Carpet Mod 版本: 1.4.67+v220318]
[10:30:18] [Server thread/INFO] (Minecraft) [Player233: 浏览分类:
[AMS] [生存] [extras] [试验性] [指令] [创造] [发射器] [特性] [优化] [Scarpet脚本语言] [客户端] [TNT] [漏洞修复]]
[10:30:18] [Render thread/INFO] (Minecraft) [CHAT] 目前启用的 Carpet Mod 选项:
[10:30:18] [Render thread/INFO] (Minecraft) [CHAT] - InfinityEanchantedBow [true] [false]
[10:30:18] [Render thread/INFO] (Minecraft) [CHAT] - 语言 (language) [none] [zh_cn] [zh_tw]
[10:30:18] [Render thread/INFO] (Minecraft) [CHAT] Carpet Mod 版本: 1.4.67+v220318
[10:30:18] [Render thread/INFO] (Minecraft) [CHAT] 浏览分类:\n[AMS] [生存] [extras] [试验性] [指令] [创造] [发射器] [特性] [优化] [Scarpet脚本语言] [客户端] [TNT] [漏洞修复]
[10:30:21] [Server thread/INFO] (Minecraft) [Player233: InfinityEanchantedBow: false, [永久更改?]]
[10:30:21] [Render thread/INFO] (Minecraft) [CHAT] InfinityEanchantedBow: false, [永久更改?]
[10:34:06] [Render thread/INFO] (Minecraft) Stopping!
[10:34:06] [Server thread/INFO] (Minecraft) Player233 lost connection: 连接中止
[10:34:06] [Server thread/INFO] (Minecraft) Player233退出了游戏
[10:34:06] [Server thread/INFO] (Minecraft) Stopping singleplayer server as player logged out
[10:34:07] [Server thread/INFO] (Minecraft) Stopping server
[10:34:07] [Server thread/INFO] (Minecraft) Saving players
[10:34:07] [Server thread/INFO] (Minecraft) Saving worlds
[10:34:07] [Server thread/INFO] (Minecraft) Saving chunks for level 'ServerLevel[新的世界]'/minecraft:overworld
[10:34:07] [Server thread/INFO] (Minecraft) Saving chunks for level 'ServerLevel[新的世界]'/minecraft:the_end
[10:34:07] [Server thread/INFO] (Minecraft) Saving chunks for level 'ServerLevel[新的世界]'/minecraft:the_nether
[10:34:07] [Server thread/INFO] (Minecraft) ThreadedAnvilChunkStorage (新的世界): All chunks are saved
[10:34:07] [Server thread/INFO] (Minecraft) ThreadedAnvilChunkStorage (DIM1): All chunks are saved
[10:34:07] [Server thread/INFO] (Minecraft) ThreadedAnvilChunkStorage (DIM-1): All chunks are saved
[10:34:07] [Server thread/INFO] (Minecraft) ThreadedAnvilChunkStorage: All dimensions are saved
